d:\downloads\fwknop-master\win32\debug\vc143.pdb
d:\downloads\fwknop-master\win32\debug\vc143.idb
d:\downloads\fwknop-master\win32\debug\fko_encryption.obj
d:\downloads\fwknop-master\win32\debug\fko_error.obj
d:\downloads\fwknop-master\win32\debug\fko_funcs.obj
d:\downloads\fwknop-master\win32\debug\fko_hmac.obj
d:\downloads\fwknop-master\win32\debug\fko_message.obj
d:\downloads\fwknop-master\win32\debug\fko_nat_access.obj
d:\downloads\fwknop-master\win32\debug\fko_rand_value.obj
d:\downloads\fwknop-master\win32\debug\fko_server_auth.obj
d:\downloads\fwknop-master\win32\debug\fko_timestamp.obj
d:\downloads\fwknop-master\win32\debug\fko_user.obj
d:\downloads\fwknop-master\win32\debug\gpgme_funcs.obj
d:\downloads\fwknop-master\win32\debug\hmac.obj
d:\downloads\fwknop-master\win32\debug\md5.obj
d:\downloads\fwknop-master\win32\debug\rijndael.obj
d:\downloads\fwknop-master\win32\debug\sha1.obj
d:\downloads\fwknop-master\win32\debug\sha2.obj
d:\downloads\fwknop-master\win32\debug\getlogin.obj
d:\downloads\fwknop-master\win32\debug\base64.obj
d:\downloads\fwknop-master\win32\debug\cipher_funcs.obj
d:\downloads\fwknop-master\win32\debug\digest.obj
d:\downloads\fwknop-master\win32\debug\fko_client_timeout.obj
d:\downloads\fwknop-master\win32\debug\fko_decode.obj
d:\downloads\fwknop-master\win32\debug\fko_digest.obj
d:\downloads\fwknop-master\win32\debug\fko_encode.obj
d:\downloads\fwknop-master\win32\debug\libfko.tlog\cl.command.1.tlog
d:\downloads\fwknop-master\win32\debug\libfko.tlog\cl.read.1.tlog
d:\downloads\fwknop-master\win32\debug\libfko.tlog\cl.write.1.tlog
